This is pdfeTeX, Version 3.141592-1.21a-2.2 (Web2C 7.5.4) (format=pdflatex 2011.1.5)  7 JUN 2011 17:56
entering extended mode
**1.tex
(./1.tex
LaTeX2e <2003/12/01>
Babel <v3.8d> and hyphenation patterns for american, french, german, ngerman, b
ahasa, basque, bulgarian, catalan, croatian, czech, danish, dutch, esperanto, e
stonian, finnish, greek, icelandic, irish, italian, latin, magyar, norsk, polis
h, portuges, romanian, russian, serbian, slovak, slovene, spanish, swedish, tur
kish, ukrainian, nohyphenation, loaded.
(/usr/local/share/texmf-dist/tex/latex/base/article.cls
Document Class: article 2004/02/16 v1.4f Standard LaTeX document class
(/usr/local/share/texmf-dist/tex/latex/base/size11.clo
File: size11.clo 2004/02/16 v1.4f Standard LaTeX file (size option)
)
\c@part=\count79
\c@section=\count80
\c@subsection=\count81
\c@subsubsection=\count82
\c@paragraph=\count83
\c@subparagraph=\count84
\c@figure=\count85
\c@table=\count86
\abovecaptionskip=\skip41
\belowcaptionskip=\skip42
\bibindent=\dimen102
)
(/usr/local/share/texmf-dist/tex/latex/base/inputenc.sty
Package: inputenc 2004/02/05 v1.0d Input encoding file

(/usr/local/share/texmf-dist/tex/latex/base/utf8.def
File: utf8.def 2004/02/09 v1.1b UTF-8 support for inputenc
Now handling font encoding OML ...
... no UTF-8 mapping file for font encoding OML
Now handling font encoding T1 ...
... processing UTF-8 mapping file for font encoding T1

(/usr/local/share/texmf-dist/tex/latex/base/t1enc.dfu
File: t1enc.dfu 2004/02/09 v1.1b UTF-8 support for inputenc
   defining Unicode char U+00A1 (decimal 161)
   defining Unicode char U+00A3 (decimal 163)
   defining Unicode char U+00AB (decimal 171)
   defining Unicode char U+00BB (decimal 187)
   defining Unicode char U+00BF (decimal 191)
   defining Unicode char U+00C0 (decimal 192)
   defining Unicode char U+00C1 (decimal 193)
   defining Unicode char U+00C2 (decimal 194)
   defining Unicode char U+00C3 (decimal 195)
   defining Unicode char U+00C4 (decimal 196)
   defining Unicode char U+00C5 (decimal 197)
   defining Unicode char U+00C6 (decimal 198)
   defining Unicode char U+00C7 (decimal 199)
   defining Unicode char U+00C8 (decimal 200)
   defining Unicode char U+00C9 (decimal 201)
   defining Unicode char U+00CA (decimal 202)
   defining Unicode char U+00CB (decimal 203)
   defining Unicode char U+00CC (decimal 204)
   defining Unicode char U+00CD (decimal 205)
   defining Unicode char U+00CE (decimal 206)
   defining Unicode char U+00CF (decimal 207)
   defining Unicode char U+00D0 (decimal 208)
   defining Unicode char U+00D1 (decimal 209)
   defining Unicode char U+00D2 (decimal 210)
   defining Unicode char U+00D3 (decimal 211)
   defining Unicode char U+00D4 (decimal 212)
   defining Unicode char U+00D5 (decimal 213)
   defining Unicode char U+00D6 (decimal 214)
   defining Unicode char U+00D8 (decimal 216)
   defining Unicode char U+00D9 (decimal 217)
   defining Unicode char U+00DA (decimal 218)
   defining Unicode char U+00DB (decimal 219)
   defining Unicode char U+00DC (decimal 220)
   defining Unicode char U+00DD (decimal 221)
   defining Unicode char U+00DE (decimal 222)
   defining Unicode char U+00DF (decimal 223)
   defining Unicode char U+00E0 (decimal 224)
   defining Unicode char U+00E1 (decimal 225)
   defining Unicode char U+00E2 (decimal 226)
   defining Unicode char U+00E3 (decimal 227)
   defining Unicode char U+00E4 (decimal 228)
   defining Unicode char U+00E5 (decimal 229)
   defining Unicode char U+00E6 (decimal 230)
   defining Unicode char U+00E7 (decimal 231)
   defining Unicode char U+00E8 (decimal 232)
   defining Unicode char U+00E9 (decimal 233)
   defining Unicode char U+00EA (decimal 234)
   defining Unicode char U+00EB (decimal 235)
   defining Unicode char U+00EC (decimal 236)
   defining Unicode char U+00ED (decimal 237)
   defining Unicode char U+00EE (decimal 238)
   defining Unicode char U+00EF (decimal 239)
   defining Unicode char U+00F0 (decimal 240)
   defining Unicode char U+00F1 (decimal 241)
   defining Unicode char U+00F2 (decimal 242)
   defining Unicode char U+00F3 (decimal 243)
   defining Unicode char U+00F4 (decimal 244)
   defining Unicode char U+00F5 (decimal 245)
   defining Unicode char U+00F6 (decimal 246)
   defining Unicode char U+00F8 (decimal 248)
   defining Unicode char U+00F9 (decimal 249)
   defining Unicode char U+00FA (decimal 250)
   defining Unicode char U+00FB (decimal 251)
   defining Unicode char U+00FC (decimal 252)
   defining Unicode char U+00FD (decimal 253)
   defining Unicode char U+00FE (decimal 254)
   defining Unicode char U+00FF (decimal 255)
   defining Unicode char U+0102 (decimal 258)
   defining Unicode char U+0103 (decimal 259)
   defining Unicode char U+0104 (decimal 260)
   defining Unicode char U+0105 (decimal 261)
   defining Unicode char U+0106 (decimal 262)
   defining Unicode char U+0107 (decimal 263)
   defining Unicode char U+010C (decimal 268)
   defining Unicode char U+010D (decimal 269)
   defining Unicode char U+010E (decimal 270)
   defining Unicode char U+010F (decimal 271)
   defining Unicode char U+0110 (decimal 272)
   defining Unicode char U+0111 (decimal 273)
   defining Unicode char U+0118 (decimal 280)
   defining Unicode char U+0119 (decimal 281)
   defining Unicode char U+011A (decimal 282)
   defining Unicode char U+011B (decimal 283)
   defining Unicode char U+011E (decimal 286)
   defining Unicode char U+011F (decimal 287)
   defining Unicode char U+0130 (decimal 304)
   defining Unicode char U+0131 (decimal 305)
   defining Unicode char U+0139 (decimal 313)
   defining Unicode char U+013A (decimal 314)
   defining Unicode char U+013D (decimal 317)
   defining Unicode char U+013E (decimal 318)
   defining Unicode char U+0141 (decimal 321)
   defining Unicode char U+0142 (decimal 322)
   defining Unicode char U+0143 (decimal 323)
   defining Unicode char U+0144 (decimal 324)
   defining Unicode char U+0147 (decimal 327)
   defining Unicode char U+0148 (decimal 328)
   defining Unicode char U+014A (decimal 330)
   defining Unicode char U+014B (decimal 331)
   defining Unicode char U+0150 (decimal 336)
   defining Unicode char U+0151 (decimal 337)
   defining Unicode char U+0152 (decimal 338)
   defining Unicode char U+0153 (decimal 339)
   defining Unicode char U+0154 (decimal 340)
   defining Unicode char U+0155 (decimal 341)
   defining Unicode char U+0158 (decimal 344)
   defining Unicode char U+0159 (decimal 345)
   defining Unicode char U+015A (decimal 346)
   defining Unicode char U+015B (decimal 347)
   defining Unicode char U+015E (decimal 350)
   defining Unicode char U+015F (decimal 351)
   defining Unicode char U+0160 (decimal 352)
   defining Unicode char U+0161 (decimal 353)
   defining Unicode char U+0162 (decimal 354)
   defining Unicode char U+0163 (decimal 355)
   defining Unicode char U+0164 (decimal 356)
   defining Unicode char U+0165 (decimal 357)
   defining Unicode char U+016E (decimal 366)
   defining Unicode char U+016F (decimal 367)
   defining Unicode char U+0170 (decimal 368)
   defining Unicode char U+0171 (decimal 369)
   defining Unicode char U+0178 (decimal 376)
   defining Unicode char U+0179 (decimal 377)
   defining Unicode char U+017A (decimal 378)
   defining Unicode char U+017B (decimal 379)
   defining Unicode char U+017C (decimal 380)
   defining Unicode char U+017D (decimal 381)
   defining Unicode char U+017E (decimal 382)
   defining Unicode char U+200C (decimal 8204)
   defining Unicode char U+2013 (decimal 8211)
   defining Unicode char U+2014 (decimal 8212)
   defining Unicode char U+2018 (decimal 8216)
   defining Unicode char U+2019 (decimal 8217)
   defining Unicode char U+201A (decimal 8218)
   defining Unicode char U+201C (decimal 8220)
   defining Unicode char U+201D (decimal 8221)
   defining Unicode char U+201E (decimal 8222)
   defining Unicode char U+2030 (decimal 8240)
   defining Unicode char U+2031 (decimal 8241)
   defining Unicode char U+2039 (decimal 8249)
   defining Unicode char U+203A (decimal 8250)
   defining Unicode char U+2423 (decimal 9251)
)
Now handling font encoding OT1 ...
... processing UTF-8 mapping file for font encoding OT1

(/usr/local/share/texmf-dist/tex/latex/base/ot1enc.dfu
File: ot1enc.dfu 2004/02/09 v1.1b UTF-8 support for inputenc
   defining Unicode char U+00A1 (decimal 161)
   defining Unicode char U+00A3 (decimal 163)
   defining Unicode char U+00B8 (decimal 184)
   defining Unicode char U+00BF (decimal 191)
   defining Unicode char U+00C5 (decimal 197)
   defining Unicode char U+00C6 (decimal 198)
   defining Unicode char U+00D8 (decimal 216)
   defining Unicode char U+00DF (decimal 223)
   defining Unicode char U+00E6 (decimal 230)
   defining Unicode char U+00EC (decimal 236)
   defining Unicode char U+00ED (decimal 237)
   defining Unicode char U+00EE (decimal 238)
   defining Unicode char U+00EF (decimal 239)
   defining Unicode char U+00F8 (decimal 248)
   defining Unicode char U+0131 (decimal 305)
   defining Unicode char U+0141 (decimal 321)
   defining Unicode char U+0142 (decimal 322)
   defining Unicode char U+0152 (decimal 338)
   defining Unicode char U+0153 (decimal 339)
   defining Unicode char U+2013 (decimal 8211)
   defining Unicode char U+2014 (decimal 8212)
   defining Unicode char U+2018 (decimal 8216)
   defining Unicode char U+2019 (decimal 8217)
   defining Unicode char U+201C (decimal 8220)
   defining Unicode char U+201D (decimal 8221)
)
Now handling font encoding OMS ...
... processing UTF-8 mapping file for font encoding OMS

(/usr/local/share/texmf-dist/tex/latex/base/omsenc.dfu
File: omsenc.dfu 2004/02/09 v1.1b UTF-8 support for inputenc
   defining Unicode char U+00A7 (decimal 167)
   defining Unicode char U+00B6 (decimal 182)
   defining Unicode char U+02D9 (decimal 729)
   defining Unicode char U+2020 (decimal 8224)
   defining Unicode char U+2021 (decimal 8225)
   defining Unicode char U+2022 (decimal 8226)
)
Now handling font encoding OMX ...
... no UTF-8 mapping file for font encoding OMX
Now handling font encoding U ...
... no UTF-8 mapping file for font encoding U
   defining Unicode char U+00A9 (decimal 169)
   defining Unicode char U+00AA (decimal 170)
   defining Unicode char U+00AE (decimal 174)
   defining Unicode char U+00BA (decimal 186)
   defining Unicode char U+02C6 (decimal 710)
   defining Unicode char U+02CA (decimal 714)
   defining Unicode char U+200C (decimal 8204)
   defining Unicode char U+2026 (decimal 8230)
   defining Unicode char U+2122 (decimal 8482)
   defining Unicode char U+2423 (decimal 9251)
))
(/usr/local/share/texmf-dist/tex/latex/base/fontenc.sty
Package: fontenc 2004/02/22 v1.99f Standard LaTeX package

(/usr/local/share/texmf-dist/tex/latex/base/t1enc.def
File: t1enc.def 2004/02/22 v1.99f Standard LaTeX file
LaTeX Font Info:    Redeclaring font encoding T1 on input line 43.
))
(/usr/local/share/texmf-dist/tex/generic/babel/babel.sty
Package: babel 2004/11/20 v3.8d The Babel package

(/usr/local/share/texmf-dist/tex/generic/babel/polish.ldf
Language: polish 2004/02/18 v1.2l Polish support from the babel system

(/usr/local/share/texmf-dist/tex/generic/babel/babel.def
File: babel.def 2004/11/20 v3.8d Babel common definitions
\babel@savecnt=\count87
\U@D=\dimen103
)
Package babel Info: Making " an active character on input line 83.
\pl@left=\dimen104
\pl@down=\dimen105
\pl@right=\dimen106
\pl@temp=\dimen107
))
(/usr/local/share/texmf-dist/tex/latex/platex/polski.sty
Package: polski 2003/05/09 v1.3.1 Polish language package

Document Language Style `polski' v1.3.1 <2003/05/09>
   Inputenc package detected. Catcodes not changed.
) (/usr/local/share/texmf-dist/tex/latex/graphics/graphicx.sty
Package: graphicx 1999/02/16 v1.0f Enhanced LaTeX Graphics (DPC,SPQR)

(/usr/local/share/texmf-dist/tex/latex/graphics/keyval.sty
Package: keyval 1999/03/16 v1.13 key=value parser (DPC)
\KV@toks@=\toks14
)
(/usr/local/share/texmf-dist/tex/latex/graphics/graphics.sty
Package: graphics 2001/07/07 v1.0n Standard LaTeX Graphics (DPC,SPQR)

(/usr/local/share/texmf-dist/tex/latex/graphics/trig.sty
Package: trig 1999/03/16 v1.09 sin cos tan (DPC)
)
(/usr/local/share/texmf-dist/tex/latex/graphics/graphics.cfg
File: graphics.cfg 2005/02/03 v1.3 graphics configuration of teTeX/TeXLive
)
Package graphics Info: Driver file: pdftex.def on input line 80.

(/usr/local/share/texmf-dist/tex/latex/graphics/pdftex.def
File: pdftex.def 2002/06/19 v0.03k graphics/color for pdftex
\Gread@gobject=\count88
))
\Gin@req@height=\dimen108
\Gin@req@width=\dimen109
)
(/usr/local/share/texmf-dist/tex/latex/tools/indentfirst.sty
Package: indentfirst 1995/11/23 v1.03 Indent first paragraph (DPC)
) (./1.aux)
\openout1 = `1.aux'.

LaTeX Font Info:    Checking defaults for OML/cmm/m/it on input line 15.
LaTeX Font Info:    ... okay on input line 15.
LaTeX Font Info:    Checking defaults for T1/cmr/m/n on input line 15.
LaTeX Font Info:    ... okay on input line 15.
LaTeX Font Info:    Checking defaults for OT1/cmr/m/n on input line 15.
LaTeX Font Info:    ... okay on input line 15.
LaTeX Font Info:    Checking defaults for OMS/cmsy/m/n on input line 15.
LaTeX Font Info:    ... okay on input line 15.
LaTeX Font Info:    Checking defaults for OMX/cmex/m/n on input line 15.
LaTeX Font Info:    ... okay on input line 15.
LaTeX Font Info:    Checking defaults for U/cmr/m/n on input line 15.
LaTeX Font Info:    ... okay on input line 15.

(/usr/local/share/texmf-dist/tex/context/base/supp-pdf.tex
(/usr/local/share/texmf-dist/tex/context/base/supp-mis.tex
loading : Context Support Macros / Miscellaneous (2004.10.26)
\protectiondepth=\count89
\scratchcounter=\count90
\scratchtoks=\toks15
\scratchdimen=\dimen110
\scratchskip=\skip43
\scratchmuskip=\muskip10
\scratchbox=\box26
\scratchread=\read1
\scratchwrite=\write3
\zeropoint=\dimen111
\onepoint=\dimen112
\onebasepoint=\dimen113
\minusone=\count91
\thousandpoint=\dimen114
\onerealpoint=\dimen115
\emptytoks=\toks16
\nextbox=\box27
\nextdepth=\dimen116
\everyline=\toks17
\!!counta=\count92
\!!countb=\count93
\recursecounter=\count94
)
loading : Context Support Macros / PDF (2004.03.26)
\nofMPsegments=\count95
\nofMParguments=\count96
\MPscratchCnt=\count97
\MPscratchDim=\dimen117
\MPnumerator=\count98
\everyMPtoPDFconversion=\toks18
)
LaTeX Font Info:    Try loading font information for OMS+cmr on input line 28.
 (/usr/local/share/texmf-dist/tex/latex/base/omscmr.fd
File: omscmr.fd 1999/05/25 v2.5h Standard LaTeX font definitions
)
LaTeX Font Info:    Font shape `OMS/cmr/m/n' in size <10.95> not available
(Font)              Font shape `OMS/cmsy/m/n' tried instead on input line 28.

<images/grammar/grammar.png, id=1, 192.72pt x 84.315pt>
File: images/grammar/grammar.png Graphic file (type png)

<use images/grammar/grammar.png>
<images/grammar/definition.png, id=2, 353.82187pt x 118.19156pt>
File: images/grammar/definition.png Graphic file (type png)

<use images/grammar/definition.png>
<images/grammar/header.png, id=3, 396.7322pt x 42.91031pt>
File: images/grammar/header.png Graphic file (type png)

<use images/grammar/header.png>
<images/grammar/name_xx.png, id=4, 88.83188pt x 33.12375pt>
File: images/grammar/name_xx.png Graphic file (type png)

<use images/grammar/name_xx.png> [1

{/usr/local/share/texmf-var/fonts/map/pdftex/updmap/pdftex.map} <./images/gramm
ar/grammar.png> <./images/grammar/definition.png> <./images/grammar/header.png>
]
File: images/grammar/name_xx.png Graphic file (type png)
 <use images/grammar/name_xx.png>
<images/grammar/element.png, id=15, 180.675pt x 130.23656pt>
File: images/grammar/element.png Graphic file (type png)

<use images/grammar/element.png>
<images/grammar/attribute.png, id=16, 627.84563pt x 43.66313pt>
File: images/grammar/attribute.png Graphic file (type png)

<use images/grammar/attribute.png>
Overfull \hbox (81.75446pt too wide) in paragraph at lines 56--57
[][] 
 []

File: images/grammar/name_xx.png Graphic file (type png)
<use images/grammar/name_xx.png>
File: images/grammar/name_xx.png Graphic file (type png)
 <use images/grammar/name_xx.png>
<images/grammar/attribute_value.png, id=17, 115.18031pt x 56.46094pt>
File: images/grammar/attribute_value.png Graphic file (type png)

<use images/grammar/attribute_value.png>
<images/grammar/operation.png, id=18, 613.54219pt x 41.4047pt>
File: images/grammar/operation.png Graphic file (type png)

<use images/grammar/operation.png>
Overfull \hbox (72.31416pt too wide) in paragraph at lines 74--75
[][] 
 []

File: images/grammar/name_xx.png Graphic file (type png)
<use images/grammar/name_xx.png> [2 <./images/grammar/name_xx.png> <./images/gr
ammar/element.png> <./images/grammar/attribute.png> <./images/grammar/attribute
_value.png> <./images/grammar/operation.png>]
File: images/grammar/name_xx.png Graphic file (type png)
 <use images/grammar/name_xx.png>
<images/grammar/parameters.png, id=22, 260.47313pt x 49.68562pt>
File: images/grammar/parameters.png Graphic file (type png)

<use images/grammar/parameters.png>
<images/grammar/parameter.png, id=23, 258.21469pt x 27.10126pt>
File: images/grammar/parameter.png Graphic file (type png)

<use images/grammar/parameter.png>
File: images/grammar/name_xx.png Graphic file (type png)
 <use images/grammar/name_xx.png>
File: images/grammar/name_xx.png Graphic file (type png)

<use images/grammar/name_xx.png>
<images/grammar/property.png, id=24, 269.50688pt x 29.35968pt>
File: images/grammar/property.png Graphic file (type png)

<use images/grammar/property.png>
File: images/grammar/name_xx.png Graphic file (type png)
 <use images/grammar/name_xx.png>
<images/grammar/property_value.png, id=25, 139.27031pt x 95.6072pt>
File: images/grammar/property_value.png Graphic file (type png)

<use images/grammar/property_value.png> [3 <./images/grammar/parameters.png> <.
/images/grammar/parameter.png> <./images/grammar/property.png> <./images/gramma
r/property_value.png>]
<images/grammar/constraint.png, id=29, 343.2825pt x 31.61812pt>
File: images/grammar/constraint.png Graphic file (type png)

<use images/grammar/constraint.png>
<images/grammar/constraint_type.png, id=30, 127.97812pt x 63.98906pt>
File: images/grammar/constraint_type.png Graphic file (type png)

<use images/grammar/constraint_type.png>
File: images/grammar/name_xx.png Graphic file (type png)
 <use images/grammar/name_xx.png>
<images/grammar/constraint_value.png, id=31, 261.22594pt x 129.48375pt>
File: images/grammar/constraint_value.png Graphic file (type png)

<use images/grammar/constraint_value.png>
<images/grammar/constraint_constants.png, id=32, 344.03531pt x 43.66313pt>
File: images/grammar/constraint_constants.png Graphic file (type png)

<use images/grammar/constraint_constants.png>
File: images/grammar/name_xx.png Graphic file (type png)
 <use images/grammar/name_xx.png>
<images/grammar/multiplicity.png, id=33, 293.59688pt x 76.03406pt>
File: images/grammar/multiplicity.png Graphic file (type png)

<use images/grammar/multiplicity.png>
<images/grammar/visibility.png, id=34, 101.62968pt x 129.48375pt>
File: images/grammar/visibility.png Graphic file (type png)

<use images/grammar/visibility.png> [4 <./images/grammar/constraint.png> <./ima
ges/grammar/constraint_type.png> <./images/grammar/constraint_value.png> <./ima
ges/grammar/constraint_constants.png> <./images/grammar/multiplicity.png>]
<images/grammar/static.png, id=38, 71.51718pt x 30.86531pt>
File: images/grammar/static.png Graphic file (type png)

<use images/grammar/static.png>
<images/grammar/prototype.png, id=39, 109.91063pt x 29.35968pt>
File: images/grammar/prototype.png Graphic file (type png)

<use images/grammar/prototype.png>
<images/grammar/error.png, id=40, 71.51718pt x 30.86531pt>
File: images/grammar/error.png Graphic file (type png)

<use images/grammar/error.png>
<images/grammar/number.png, id=41, 124.96687pt x 30.1125pt>
File: images/grammar/number.png Graphic file (type png)

<use images/grammar/number.png>
<images/grammar/name.png, id=42, 162.6075pt x 27.85406pt>
File: images/grammar/name.png Graphic file (type png)

<use images/grammar/name.png>
<images/grammar/string.png, id=43, 126.4725pt x 31.61812pt>
File: images/grammar/string.png Graphic file (type png)

<use images/grammar/string.png> [5 <./images/grammar/visibility.png> <./images/
grammar/static.png> <./images/grammar/prototype.png> <./images/grammar/error.pn
g> <./images/grammar/number.png> <./images/grammar/name.png> <./images/grammar/
string.png>] (./1.aux) ) 
Here is how much of TeX's memory you used:
 1896 strings out of 94499
 23206 string characters out of 1174921
 70733 words of memory out of 1000000
 5054 multiletter control sequences out of 10000+100000
 8049 words of font info for 21 fonts, out of 500000 for 2000
 581 hyphenation exceptions out of 1000
 25i,5n,24p,284b,216s stack positions out of 5000i,2500n,5000p,300000b,25000s
PDF statistics:
 46 PDF objects out of 300000
 0 named destinations out of 131072
 121 words of extra memory for PDF output out of 65536
</usr/local/share/texmf-dist/fonts/type1/bluesky/cm/cms
y10.pfb> </var/tmp/texfonts/pk/ljtozz/jknappen/ec/ecbx1200.1200pk> </var/tmp/te
xfonts/pk/ljtozz/jknappen/ec/ecrm1095.1200pk> </var/tmp/texfonts/pk/ljtozz/jkna
ppen/ec/ecbx1440.1200pk>
Output written on 1.pdf (5 pages, 117985 bytes).
